This file contains any messages produced by compilers while
running configure, to aid debugging if configure makes a mistake.

It was created by [PMGEN] configure [0.1], which was
generated by GNU Autoconf 2.64.  Invocation command line was

  $ ./configure --prefix=/home/roselone/coding/thuos/pmGen/opt

## --------- ##
## Platform. ##
## --------- ##

hostname = echoeye
uname -m = i686
uname -r = 2.6.32-36-generic
uname -s = Linux
uname -v = #79-Ubuntu SMP Tue Nov 8 22:29:26 UTC 2011

/usr/bin/uname -p = unknown
/bin/uname -X     = unknown

/bin/arch              = unknown
/usr/bin/arch -k       = unknown
/usr/convex/getsysinfo = unknown
/usr/bin/hostinfo      = unknown
/bin/machine           = unknown
/usr/bin/oslevel       = unknown
/bin/universe          = unknown

PATH: /home/roselone/coding/thuos/opt/llvm-opt/bin
PATH: /home/roselone/software/android-sdk-linux_x86/tools
PATH: /home/roselone/software/android-sdk-linux_86/platform-tools
PATH: /home/roselone/bin
PATH: /home/roselone/bin
PATH: /usr/local/sbin
PATH: /usr/local/bin
PATH: /usr/sbin
PATH: /usr/bin
PATH: /sbin
PATH: /bin
PATH: /usr/games


## ----------- ##
## Core tests. ##
## ----------- ##

configure:1871: creating ./config.status

## ---------------------- ##
## Running config.status. ##
## ---------------------- ##

This file was extended by [PMGEN] config.status [0.1], which was
generated by GNU Autoconf 2.64.  Invocation command line was

  CONFIG_FILES    = 
  CONFIG_HEADERS  = 
  CONFIG_LINKS    = 
  CONFIG_COMMANDS = 
  $ ./config.status 

on echoeye

config.status:729: creating Makefile.common
config.status:881: executing setup commands
config.status:881: executing Makefile commands
config.status:881: executing lib/Makefile commands
config.status:881: executing lib/test/Makefile commands
config.status:881: executing tools/Makefile commands
config.status:881: executing tools/pmGen/Makefile commands

## ---------------- ##
## Cache variables. ##
## ---------------- ##

ac_cv_env_build_alias_set=
ac_cv_env_build_alias_value=
ac_cv_env_host_alias_set=
ac_cv_env_host_alias_value=
ac_cv_env_target_alias_set=
ac_cv_env_target_alias_value=

## ----------------- ##
## Output variables. ##
## ----------------- ##

DEFS='-DPACKAGE_NAME=\"\[PMGEN\]\" -DPACKAGE_TARNAME=\"--pmgen--\" -DPACKAGE_VERSION=\"\[0.1\]\" -DPACKAGE_STRING=\"\[PMGEN\]\ \[0.1\]\" -DPACKAGE_BUGREPORT=\"roselonelh@gmail.com\" -DPACKAGE_URL=\"\"'
ECHO_C=''
ECHO_N='-n'
ECHO_T=''
LIBOBJS=''
LIBS=''
LLVM_OBJ='/home/roselone/coding/thuos/opt/llvm'
LLVM_SRC='/home/roselone/coding/thuos/llvm-2.9'
LTLIBOBJS=''
PACKAGE_BUGREPORT='roselonelh@gmail.com'
PACKAGE_NAME='[PMGEN]'
PACKAGE_STRING='[PMGEN] [0.1]'
PACKAGE_TARNAME='--pmgen--'
PACKAGE_URL=''
PACKAGE_VERSION='[0.1]'
PATH_SEPARATOR=':'
SHELL='/bin/bash'
bindir='${exec_prefix}/bin'
build_alias=''
datadir='${datarootdir}'
datarootdir='${prefix}/share'
docdir='${datarootdir}/doc/${PACKAGE_TARNAME}'
dvidir='${docdir}'
exec_prefix='${prefix}'
host_alias=''
htmldir='${docdir}'
includedir='${prefix}/include'
infodir='${datarootdir}/info'
libdir='${exec_prefix}/lib'
libexecdir='${exec_prefix}/libexec'
localedir='${datarootdir}/locale'
localstatedir='${prefix}/var'
mandir='${datarootdir}/man'
oldincludedir='/usr/include'
pdfdir='${docdir}'
prefix='/home/roselone/coding/thuos/pmGen/opt'
program_transform_name='s,x,x,'
psdir='${docdir}'
sbindir='${exec_prefix}/sbin'
sharedstatedir='${prefix}/com'
sysconfdir='${prefix}/etc'
target_alias=''

## ----------- ##
## confdefs.h. ##
## ----------- ##

/* confdefs.h */
#define PACKAGE_NAME "[PMGEN]"
#define PACKAGE_TARNAME "--pmgen--"
#define PACKAGE_VERSION "[0.1]"
#define PACKAGE_STRING "[PMGEN] [0.1]"
#define PACKAGE_BUGREPORT "roselonelh@gmail.com"
#define PACKAGE_URL ""

configure: exit 0
